2024-06-28 09:14:51,860 - INFO - Contraseña guardada
2024-06-28 09:14:51,872 - INFO - Contraseña por defecto establecida
2024-06-28 09:14:51,889 - INFO - Tabla 'registros' creada correctamente.
2024-06-28 09:14:51,890 - INFO - Taxímetro iniciado con tarifas por defecto y contraseña establecida.
2024-06-28 09:14:52,056 - ERROR - Error en autenticar: bad window path name "<MagicMock name='CustomPasswordDialog()._w' id='4486035120'>"
2024-06-28 09:14:52,779 - INFO - Contraseña cargada
2024-06-28 09:14:52,792 - INFO - Tabla 'registros' creada correctamente.
2024-06-28 09:14:52,793 - INFO - Taxímetro iniciado con tarifas por defecto y contraseña establecida.
2024-06-28 09:14:52,795 - ERROR - Error en autenticar: bad window path name "<MagicMock name='CustomPasswordDialog()._w' id='4461759280'>"
2024-06-28 09:14:53,162 - INFO - Conexión a la base de datos cerrada correctamente.
2024-06-28 09:14:53,163 - INFO - Conexión a la base de datos cerrada correctamente.
2024-06-28 09:14:53,174 - INFO - Contraseña cargada
2024-06-28 09:14:53,177 - INFO - Tabla 'registros' creada correctamente.
2024-06-28 09:14:53,177 - INFO - Taxímetro iniciado con tarifas por defecto y contraseña establecida.
2024-06-28 09:14:53,178 - INFO - Tarifas actualizadas en parado: 0.03, y en movimiento: 0.06
2024-06-28 09:14:53,512 - INFO - Contraseña cargada
2024-06-28 09:14:53,513 - INFO - Tabla 'registros' creada correctamente.
2024-06-28 09:14:53,514 - INFO - Taxímetro iniciado con tarifas por defecto y contraseña establecida.
2024-06-28 09:14:53,794 - INFO - Contraseña cargada
2024-06-28 09:14:53,812 - INFO - Tabla 'registros' creada correctamente.
2024-06-28 09:14:53,843 - INFO - Taxímetro iniciado con tarifas por defecto y contraseña establecida.
2024-06-28 09:14:53,845 - INFO - Conexión a la base de datos cerrada correctamente.
2024-06-28 09:14:54,128 - INFO - Contraseña cargada
2024-06-28 09:14:54,130 - INFO - Tabla 'registros' creada correctamente.
2024-06-28 09:14:54,130 - INFO - Taxímetro iniciado con tarifas por defecto y contraseña establecida.
2024-06-28 09:14:54,131 - INFO - Conexión a la base de datos cerrada correctamente.
2024-06-28 09:14:54,198 - INFO - Conexión a la base de datos cerrada correctamente.
2024-06-28 09:14:54,199 - INFO - Conexión a la base de datos cerrada correctamente.
2024-06-28 09:20:10,817 - ERROR - Error al cerrar la conexión a la base de datos: 'Taximetro' object has no attribute 'conexion_bd'
2024-06-28 09:20:10,922 - ERROR - Error al cerrar la conexión a la base de datos: 'Taximetro' object has no attribute 'conexion_bd'
2024-06-28 09:20:10,923 - ERROR - Error al cerrar la conexión a la base de datos: 'Taximetro' object has no attribute 'conexion_bd'
2024-06-28 09:20:10,923 - ERROR - Error al cerrar la conexión a la base de datos: 'Taximetro' object has no attribute 'conexion_bd'
2024-06-28 09:21:12,283 - INFO - Contraseña cargada
2024-06-28 09:21:12,285 - INFO - Tabla 'registros' creada correctamente.
2024-06-28 09:21:12,285 - INFO - Taxímetro iniciado con tarifas por defecto y contraseña establecida.
2024-06-28 09:21:17,617 - ERROR - Error en autenticar: 'Taximetro' object has no attribute 'root'
2024-06-28 09:21:17,660 - INFO - Contraseña cargada
2024-06-28 09:21:17,661 - INFO - Tabla 'registros' creada correctamente.
2024-06-28 09:21:17,661 - INFO - Taxímetro iniciado con tarifas por defecto y contraseña establecida.
2024-06-28 09:21:22,249 - ERROR - Error en autenticar: 'Taximetro' object has no attribute 'root'
2024-06-28 09:21:22,291 - INFO - Contraseña cargada
2024-06-28 09:21:22,292 - INFO - Tabla 'registros' creada correctamente.
2024-06-28 09:21:22,292 - INFO - Taxímetro iniciado con tarifas por defecto y contraseña establecida.
2024-06-28 09:21:22,336 - INFO - Contraseña cargada
2024-06-28 09:21:22,337 - INFO - Tabla 'registros' creada correctamente.
2024-06-28 09:21:22,337 - INFO - Taxímetro iniciado con tarifas por defecto y contraseña establecida.
2024-06-28 09:21:22,382 - INFO - Contraseña cargada
2024-06-28 09:21:22,383 - INFO - Tabla 'registros' creada correctamente.
2024-06-28 09:21:22,383 - INFO - Taxímetro iniciado con tarifas por defecto y contraseña establecida.
2024-06-28 09:21:22,383 - INFO - Conexión a la base de datos cerrada correctamente.
2024-06-28 09:21:22,425 - INFO - Contraseña cargada
2024-06-28 09:21:22,426 - INFO - Tabla 'registros' creada correctamente.
2024-06-28 09:21:22,426 - INFO - Taxímetro iniciado con tarifas por defecto y contraseña establecida.
2024-06-28 09:21:22,474 - INFO - Contraseña cargada
2024-06-28 09:21:22,476 - INFO - Tabla 'registros' creada correctamente.
2024-06-28 09:21:22,476 - INFO - Taxímetro iniciado con tarifas por defecto y contraseña establecida.
2024-06-28 09:21:22,477 - INFO - Conexión a la base de datos cerrada correctamente.
2024-06-28 09:21:22,519 - INFO - Contraseña cargada
2024-06-28 09:21:22,520 - INFO - Tabla 'registros' creada correctamente.
2024-06-28 09:21:22,520 - INFO - Taxímetro iniciado con tarifas por defecto y contraseña establecida.
2024-06-28 09:21:22,521 - INFO - Conexión a la base de datos cerrada correctamente.
2024-06-28 09:21:22,564 - INFO - Contraseña cargada
2024-06-28 09:21:22,565 - INFO - Tabla 'registros' creada correctamente.
2024-06-28 09:21:22,565 - INFO - Taxímetro iniciado con tarifas por defecto y contraseña establecida.
2024-06-28 09:21:22,618 - INFO - Contraseña cargada
2024-06-28 09:21:22,619 - INFO - Tabla 'registros' creada correctamente.
2024-06-28 09:21:22,620 - INFO - Taxímetro iniciado con tarifas por defecto y contraseña establecida.
2024-06-28 09:21:22,636 - INFO - Conexión a la base de datos cerrada correctamente.
2024-06-28 09:21:22,637 - INFO - Conexión a la base de datos cerrada correctamente.
2024-06-28 09:21:22,637 - INFO - Conexión a la base de datos cerrada correctamente.
2024-06-28 09:21:22,637 - INFO - Conexión a la base de datos cerrada correctamente.
2024-06-28 09:21:22,637 - INFO - Conexión a la base de datos cerrada correctamente.
2024-06-28 09:21:22,638 - INFO - Conexión a la base de datos cerrada correctamente.
2024-06-28 09:21:22,638 - INFO - Conexión a la base de datos cerrada correctamente.
